<?xml version="1.0" encoding="UTF-8"?>
<!-- Generated by org.testng.reporters.JUnitReportReporter -->
<testsuite hostname="LAPTOP-HO37VHUL" failures="0" tests="1" name="com.ict.testcases.Learner_TC" time="5.917" errors="0" timestamp="2023-09-30T18:42:37 IST" skipped="0">
  <testcase classname="com.ict.testcases.Learner_TC" name="logout" time="5.917"/>
</testsuite> <!-- com.ict.testcases.Learner_TC -->
