<?xml version="1.0" encoding="UTF-8"?>
<!-- Generated by org.testng.reporters.JUnitReportReporter -->
<testsuite hostname="LAPTOP-HO37VHUL" failures="0" tests="1" name="com.ict.testcases.Trainer_DashboardTC" time="3.284" errors="0" timestamp="2023-09-30T15:25:32 IST" skipped="0">
  <testcase classname="com.ict.testcases.Trainer_DashboardTC" name="ok" time="3.284"/>
</testsuite> <!-- com.ict.testcases.Trainer_DashboardTC -->
