<?xml version="1.0" encoding="UTF-8"?>
<!-- Generated by org.testng.reporters.JUnitReportReporter -->
<testsuite hostname="LAPTOP-HO37VHUL" failures="0" tests="16" name="com.ict.testcases.Admin_DashboardTC" time="133.379" errors="0" timestamp="2023-10-07T19:34:53 IST" skipped="0">
  <testcase classname="com.ict.testcases.Admin_DashboardTC" name="display_all_users" time="5.367"/>
  <testcase classname="com.ict.testcases.Admin_DashboardTC" name="add_new_user" time="28.671"/>
  <testcase classname="com.ict.testcases.Admin_DashboardTC" name="add_new_user_invalid" time="5.686"/>
  <testcase classname="com.ict.testcases.Admin_DashboardTC" name="edit_user_pwd" time="10.339"/>
  <testcase classname="com.ict.testcases.Admin_DashboardTC" name="logout" time="6.194"/>
  <testcase classname="com.ict.testcases.Admin_DashboardTC" name="delete_user" time="7.590"/>
  <testcase classname="com.ict.testcases.Admin_DashboardTC" name="disp_learners" time="6.524"/>
  <testcase classname="com.ict.testcases.Admin_DashboardTC" name="add_learner" time="6.210"/>
  <testcase classname="com.ict.testcases.Admin_DashboardTC" name="add_new_lrnr" time="4.980"/>
  <testcase classname="com.ict.testcases.Admin_DashboardTC" name="csv_file_upload" time="5.136"/>
  <testcase classname="com.ict.testcases.Admin_DashboardTC" name="choose_csv" time="6.678"/>
  <testcase classname="com.ict.testcases.Admin_DashboardTC" name="edit_lrnr_project" time="9.195"/>
  <testcase classname="com.ict.testcases.Admin_DashboardTC" name="delete_learner" time="7.765"/>
  <testcase classname="com.ict.testcases.Admin_DashboardTC" name="check_LnrPrevious_btn" time="8.749"/>
  <testcase classname="com.ict.testcases.Admin_DashboardTC" name="show_learners_in_plc" time="5.715"/>
  <testcase classname="com.ict.testcases.Admin_DashboardTC" name="edit_lrnrpstatus_in_plc" time="8.580"/>
</testsuite> <!-- com.ict.testcases.Admin_DashboardTC -->
