<?xml version="1.0" encoding="UTF-8"?>
<!-- Generated by org.testng.reporters.JUnitReportReporter -->
<testsuite hostname="LAPTOP-HO37VHUL" failures="0" tests="5" name="com.ict.testcases.LoginTC" time="24.272" errors="0" timestamp="2023-10-07T19:34:53 IST" skipped="0">
  <testcase classname="com.ict.testcases.LoginTC" name="check_invalid_login" time="4.769"/>
  <testcase classname="com.ict.testcases.LoginTC" name="check_invalid_loginPwd" time="4.532"/>
  <testcase classname="com.ict.testcases.LoginTC" name="verify_admin_login" time="4.975"/>
  <testcase classname="com.ict.testcases.LoginTC" name="verify_trainer_login" time="5.479"/>
  <testcase classname="com.ict.testcases.LoginTC" name="verify_officer_login" time="4.517"/>
</testsuite> <!-- com.ict.testcases.LoginTC -->
