<?xml version="1.0" encoding="UTF-8"?>
<!-- Generated by org.testng.reporters.JUnitReportReporter -->
<testsuite hostname="LAPTOP-HO37VHUL" failures="0" tests="13" name="com.ict.testcases.Trainer_TC" time="87.001" errors="0" timestamp="2023-10-07T19:34:53 IST" skipped="0">
  <testcase classname="com.ict.testcases.Trainer_TC" name="show_learners" time="5.670"/>
  <testcase classname="com.ict.testcases.Trainer_TC" name="add_new_learner" time="5.596"/>
  <testcase classname="com.ict.testcases.Trainer_TC" name="add_new_learnr" time="4.968"/>
  <testcase classname="com.ict.testcases.Trainer_TC" name="go_to_upload_page" time="4.570"/>
  <testcase classname="com.ict.testcases.Trainer_TC" name="choose_csv_file" time="5.994"/>
  <testcase classname="com.ict.testcases.Trainer_TC" name="check_blank_upload" time="6.573"/>
  <testcase classname="com.ict.testcases.Trainer_TC" name="cancel_file_upld" time="7.330"/>
  <testcase classname="com.ict.testcases.Trainer_TC" name="dwnload_csv" time="7.392"/>
  <testcase classname="com.ict.testcases.Trainer_TC" name="edit_lrnr_crs" time="9.278"/>
  <testcase classname="com.ict.testcases.Trainer_TC" name="edit_lrnr_proj" time="8.841"/>
  <testcase classname="com.ict.testcases.Trainer_TC" name="delete_learner" time="7.552"/>
  <testcase classname="com.ict.testcases.Trainer_TC" name="chk_previous_nav" time="7.044"/>
  <testcase classname="com.ict.testcases.Trainer_TC" name="logout" time="6.193"/>
</testsuite> <!-- com.ict.testcases.Trainer_TC -->
